2018-01-15 11:59:19.466 [Thread-1] INFO  com.work.assignments.FileIO.Producer - hit producer com.work.assignments.FileIO.Producer@e1c48ef
2018-01-15 11:59:19.471 [Thread-1] DEBUG com.work.assignments.FileIO.Producer - Producer com.work.assignments.FileIO.Producer@e1c48ef put: (sampleDirectory, This is, true)
2018-01-15 11:59:19.472 [Thread-2] DEBUG com.work.assignments.FileIO.Consumer - Consumer com.work.assignments.FileIO.Consumer@73147d93 took: (sampleDirectory, This is, true)
2018-01-15 11:59:19.472 [Thread-3] DEBUG com.work.assignments.FileIO.Consumer - Consumer com.work.assignments.FileIO.Consumer@38532bf0 took: (sampleDirectory2, This is, false)
2018-01-15 11:59:19.474 [Thread-1] DEBUG com.work.assignments.FileIO.Producer - Producer com.work.assignments.FileIO.Producer@e1c48ef put: (sampleDirectory2, This is, false)
2018-01-15 11:59:19.474 [Thread-4] DEBUG com.work.assignments.FileIO.Consumer - Consumer com.work.assignments.FileIO.Consumer@17feee5 took: (sampleDirectory3, This is, false)
2018-01-15 11:59:19.476 [Thread-1] DEBUG com.work.assignments.FileIO.Producer - Producer com.work.assignments.FileIO.Producer@e1c48ef put: (sampleDirectory3, This is, false)
2018-01-15 11:59:19.476 [Thread-1] DEBUG com.work.assignments.FileIO.Producer - Producer com.work.assignments.FileIO.Producer@e1c48ef put: (sampleDirectory4, This is, false)
2018-01-15 11:59:19.476 [Thread-1] DEBUG com.work.assignments.FileIO.Producer - Producer com.work.assignments.FileIO.Producer@e1c48ef put: (sampleDirectory5, This is, false)
2018-01-15 11:59:19.477 [Thread-1] DEBUG com.work.assignments.FileIO.Producer - Producer com.work.assignments.FileIO.Producer@e1c48ef put: (sampleInput, This is, false)
2018-01-15 11:59:19.477 [Thread-5] DEBUG com.work.assignments.FileIO.Consumer - Consumer com.work.assignments.FileIO.Consumer@1f1a22a6 took: (sampleDirectory4, This is, false)
2018-01-15 11:59:19.478 [Thread-5] DEBUG com.work.assignments.FileIO.Consumer - Consumer com.work.assignments.FileIO.Consumer@1f1a22a6 took: (sampleDirectory5, This is, false)
2018-01-15 11:59:19.479 [Thread-5] DEBUG com.work.assignments.FileIO.Consumer - Consumer com.work.assignments.FileIO.Consumer@1f1a22a6 took: (sampleInput, This is, false)
2018-01-15 11:59:19.477 [Thread-1] DEBUG com.work.assignments.FileIO.Producer - Producer end
2018-01-15 11:59:19.484 [Thread-5] DEBUG com.work.assignments.FileIO.Consumer - Consumer com.work.assignments.FileIO.Consumer@1f1a22a6 took: (null, null, false)
2018-01-15 11:59:19.485 [Thread-3] DEBUG com.work.assignments.FileIO.Consumer - Consumer com.work.assignments.FileIO.Consumer@38532bf0 took: (null, null, false)
2018-01-15 11:59:19.485 [Thread-3] DEBUG com.work.assignments.FileIO.Consumer - Consumer End
2018-01-15 11:59:19.486 [Thread-4] DEBUG com.work.assignments.FileIO.Consumer - Consumer com.work.assignments.FileIO.Consumer@17feee5 took: (null, null, false)
2018-01-15 11:59:19.486 [Thread-4] DEBUG com.work.assignments.FileIO.Consumer - Consumer End
2018-01-15 11:59:19.486 [Thread-5] DEBUG com.work.assignments.FileIO.Consumer - Consumer End
2018-01-15 11:59:19.508 [Thread-2] DEBUG com.work.assignments.FileIO.Consumer - Consumer com.work.assignments.FileIO.Consumer@73147d93 took: (null, null, false)
2018-01-15 11:59:19.508 [Thread-2] DEBUG com.work.assignments.FileIO.Consumer - Consumer End
2018-01-15 11:59:19.512 [main] INFO  PCTest - 108 108
2018-01-15 12:02:23.225 [Thread-1] INFO  com.work.assignments.FileIO.Producer - hit producer com.work.assignments.FileIO.Producer@3486ac59
2018-01-15 12:02:23.230 [Thread-2] DEBUG com.work.assignments.FileIO.Consumer - Consumer com.work.assignments.FileIO.Consumer@2b131112 took: (sampleDirectory, This is, true)
2018-01-15 12:02:23.230 [Thread-1] DEBUG com.work.assignments.FileIO.Producer - Producer com.work.assignments.FileIO.Producer@3486ac59 put: (sampleDirectory, This is, true)
2018-01-15 12:02:23.231 [Thread-3] DEBUG com.work.assignments.FileIO.Consumer - Consumer com.work.assignments.FileIO.Consumer@1a942c5c took: (sampleDirectory2, This is, false)
2018-01-15 12:02:23.231 [Thread-1] DEBUG com.work.assignments.FileIO.Producer - Producer com.work.assignments.FileIO.Producer@3486ac59 put: (sampleDirectory2, This is, false)
2018-01-15 12:02:23.232 [Thread-3] DEBUG com.work.assignments.FileIO.Consumer - Consumer com.work.assignments.FileIO.Consumer@1a942c5c took: (sampleDirectory3, This is, false)
2018-01-15 12:02:23.232 [Thread-1] DEBUG com.work.assignments.FileIO.Producer - Producer com.work.assignments.FileIO.Producer@3486ac59 put: (sampleDirectory3, This is, false)
2018-01-15 12:02:23.232 [Thread-1] DEBUG com.work.assignments.FileIO.Producer - Producer com.work.assignments.FileIO.Producer@3486ac59 put: (sampleDirectory4, This is, false)
2018-01-15 12:02:23.232 [Thread-1] DEBUG com.work.assignments.FileIO.Producer - Producer com.work.assignments.FileIO.Producer@3486ac59 put: (sampleDirectory5, This is, false)
2018-01-15 12:02:23.232 [Thread-1] DEBUG com.work.assignments.FileIO.Producer - Producer com.work.assignments.FileIO.Producer@3486ac59 put: (sampleInput, This is, false)
2018-01-15 12:02:23.232 [Thread-3] DEBUG com.work.assignments.FileIO.Consumer - Consumer com.work.assignments.FileIO.Consumer@1a942c5c took: (sampleDirectory4, This is, false)
2018-01-15 12:02:23.233 [Thread-1] DEBUG com.work.assignments.FileIO.Producer - Producer end
2018-01-15 12:02:23.233 [Thread-2] DEBUG com.work.assignments.FileIO.Consumer - Consumer com.work.assignments.FileIO.Consumer@2b131112 took: (sampleDirectory5, This is, false)
2018-01-15 12:02:23.233 [Thread-5] DEBUG com.work.assignments.FileIO.Consumer - Consumer com.work.assignments.FileIO.Consumer@44397192 took: (sampleInput, This is, false)
2018-01-15 12:02:23.234 [Thread-3] DEBUG com.work.assignments.FileIO.Consumer - Consumer com.work.assignments.FileIO.Consumer@1a942c5c took: (null, null, false)
2018-01-15 12:02:23.234 [Thread-3] DEBUG com.work.assignments.FileIO.Consumer - Consumer End
2018-01-15 12:02:23.234 [Thread-2] DEBUG com.work.assignments.FileIO.Consumer - Consumer com.work.assignments.FileIO.Consumer@2b131112 took: (null, null, false)
2018-01-15 12:02:23.235 [Thread-2] DEBUG com.work.assignments.FileIO.Consumer - Consumer End
2018-01-15 12:02:23.235 [Thread-5] DEBUG com.work.assignments.FileIO.Consumer - Consumer com.work.assignments.FileIO.Consumer@44397192 took: (null, null, false)
2018-01-15 12:02:23.235 [Thread-5] DEBUG com.work.assignments.FileIO.Consumer - Consumer End
2018-01-15 12:02:23.236 [Thread-4] DEBUG com.work.assignments.FileIO.Consumer - Consumer com.work.assignments.FileIO.Consumer@615e5af4 took: (null, null, false)
2018-01-15 12:02:23.237 [Thread-4] DEBUG com.work.assignments.FileIO.Consumer - Consumer End
2018-01-15 12:02:23.241 [main] INFO  PCTest - 108 108
